<?xml version="1.0" encoding="UTF-8"?>
<!-- Generated by org.testng.reporters.JUnitReportReporter -->
<testsuite hostname="DESKTOP-1B1BE1O" failures="0" tests="4" name="testScript.LoginTest" time="12.259" errors="0" timestamp="2025-08-05T12:53:12 IST" skipped="0">
  <testcase classname="testScript.LoginTest" name="correctUsernameAndPassword" time="4.566"/>
  <testcase classname="testScript.LoginTest" name="correctUsernameInvalidPassword" time="2.498"/>
  <testcase classname="testScript.LoginTest" name="correctPasswordIncorrectUsername" time="2.721"/>
  <testcase classname="testScript.LoginTest" name="inCorrectUsernameAndPassword" time="2.474"/>
</testsuite> <!-- testScript.LoginTest -->
